<!--

    Copyright 2017-2025 Open Text

    OpenText is a trademark of Open Text.
    The only warranties for products and services of Open Text and
    its affiliates and licensors ("Open Text") are as may be set forth
    in the express warranty statements accompanying such products and services.
    Nothing herein should be construed as constituting an additional warranty.
    Open Text shall not be liable for technical or editorial errors or
    omissions contained herein. The information contained herein is subject
    to change without notice.

    Except as specifically indicated otherwise, this document contains
    confidential information and a valid license is required for possession,
    use or copying. If this work is provided to the U.S. Government,
    consistent with FAR 12.211 and 12.212, Commercial Computer Software,
    Computer Software Documentation, and Technical Data for Commercial Items are
    licensed to the U.S. Government under vendor's standard commercial license.

    Licensed under the Apache License, Version 2.0 (the "License");
    you may not use this file except in compliance with the License.
    You may obtain a copy of the License at

         http://www.apache.org/licenses/LICENSE-2.0

    Unless required by applicable law or agreed to in writing, software
    distributed under the License is distributed on an "AS IS" BASIS,
    WITHOUT WARRANTIES OR CONDITIONS OF ANY KIND, either express or implied.
    See the License for the specific language governing permissions and
    limitations under the License.

-->
<?xml version="1.0" encoding="UTF-8" standalone="yes"?><!DOCTYPE report PUBLIC "-//JACOCO//DTD Report 1.0//EN"
		"report.dtd">
<report name="Discover Demo App - Tribute to Progressive Music (Web App)">
	<sessioninfo id="VAINGATO1-920c4ded" start="1493551451246" dump="1493551451753"/>
	<package name="com/hp/devops/demoapp">
		<class name="com/hp/devops/demoapp/Band">
			<method name="&lt;init&gt;" desc="(Lorg/json/JSONObject;)V" line="16">
				<counter type="INSTRUCTION" missed="0" covered="69"/>
				<counter type="BRANCH" missed="2" covered="8"/>
				<counter type="LINE" missed="0" covered="14"/>
				<counter type="COMPLEXITY" missed="2" covered="4"/>
				<counter type="METHOD" missed="0" covered="1"/>
			</method>
			<method name="methodThatThrowsNullPointerException" desc="()V" line="38">
				<counter type="INSTRUCTION" missed="7" covered="0"/>
				<counter type="LINE" missed="2" covered="0"/>
				<counter type="COMPLEXITY" missed="1" covered="0"/>
				<counter type="METHOD" missed="1" covered="0"/>
			</method>
			<method name="toJSON" desc="()Lorg/json/JSONObject;" line="43">
				<counter type="INSTRUCTION" missed="36" covered="0"/>
				<counter type="LINE" missed="7" covered="0"/>
				<counter type="COMPLEXITY" missed="1" covered="0"/>
				<counter type="METHOD" missed="1" covered="0"/>
			</method>
			<method name="toJSONVotes" desc="()Lorg/json/JSONObject;" line="53">
				<counter type="INSTRUCTION" missed="0" covered="18"/>
				<counter type="LINE" missed="0" covered="4"/>
				<counter type="COMPLEXITY" missed="0" covered="1"/>
				<counter type="METHOD" missed="0" covered="1"/>
			</method>
			<counter type="INSTRUCTION" missed="43" covered="87"/>
			<counter type="BRANCH" missed="2" covered="8"/>
			<counter type="LINE" missed="9" covered="18"/>
			<counter type="COMPLEXITY" missed="4" covered="5"/>
			<counter type="METHOD" missed="2" covered="2"/>
			<counter type="CLASS" missed="0" covered="0"/>
		</class>
		<class name="com/hp/devops/demoapp/NewClass7">
			<method name="&lt;init&gt;" desc="()V" line="6">
				<counter type="INSTRUCTION" missed="3" covered="0"/>
				<counter type="LINE" missed="1" covered="0"/>
				<counter type="COMPLEXITY" missed="1" covered="0"/>
				<counter type="METHOD" missed="1" covered="0"/>
			</method>
			<counter type="INSTRUCTION" missed="3" covered="0"/>
			<counter type="LINE" missed="1" covered="0"/>
			<counter type="COMPLEXITY" missed="1" covered="0"/>
			<counter type="METHOD" missed="1" covered="0"/>
			<counter type="CLASS" missed="1" covered="0"/>
		</class>
		<class name="com/hp/devops/demoapp/NewClass6">
			<method name="&lt;init&gt;" desc="()V" line="7">
				<counter type="INSTRUCTION" missed="3" covered="0"/>
				<counter type="LINE" missed="1" covered="0"/>
				<counter type="COMPLEXITY" missed="1" covered="0"/>
				<counter type="METHOD" missed="1" covered="0"/>
			</method>
			<counter type="INSTRUCTION" missed="3" covered="0"/>
			<counter type="LINE" missed="1" covered="0"/>
			<counter type="COMPLEXITY" missed="1" covered="0"/>
			<counter type="METHOD" missed="1" covered="0"/>
			<counter type="CLASS" missed="1" covered="0"/>
		</class>
		<class name="com/hp/devops/demoapp/NewClass2">
			<method name="&lt;init&gt;" desc="()V" line="8">
				<counter type="INSTRUCTION" missed="3" covered="0"/>
				<counter type="LINE" missed="1" covered="0"/>
				<counter type="COMPLEXITY" missed="1" covered="0"/>
				<counter type="METHOD" missed="1" covered="0"/>
			</method>
			<counter type="INSTRUCTION" missed="3" covered="0"/>
			<counter type="LINE" missed="1" covered="0"/>
			<counter type="COMPLEXITY" missed="1" covered="0"/>
			<counter type="METHOD" missed="1" covered="0"/>
			<counter type="CLASS" missed="1" covered="0"/>
		</class>
		<class name="com/hp/devops/demoapp/NewClass4">
			<method name="&lt;init&gt;" desc="()V" line="7">
				<counter type="INSTRUCTION" missed="3" covered="0"/>
				<counter type="LINE" missed="1" covered="0"/>
				<counter type="COMPLEXITY" missed="1" covered="0"/>
				<counter type="METHOD" missed="1" covered="0"/>
			</method>
			<counter type="INSTRUCTION" missed="3" covered="0"/>
			<counter type="LINE" missed="1" covered="0"/>
			<counter type="COMPLEXITY" missed="1" covered="0"/>
			<counter type="METHOD" missed="1" covered="0"/>
			<counter type="CLASS" missed="1" covered="0"/>
		</class>
		<class name="com/hp/devops/demoapp/RestServlet">
			<method name="&lt;init&gt;" desc="()V" line="17">
				<counter type="INSTRUCTION" missed="3" covered="0"/>
				<counter type="LINE" missed="1" covered="0"/>
				<counter type="COMPLEXITY" missed="1" covered="0"/>
				<counter type="METHOD" missed="1" covered="0"/>
			</method>
			<method name="init" desc="()V" line="21">
				<counter type="INSTRUCTION" missed="6" covered="0"/>
				<counter type="LINE" missed="3" covered="0"/>
				<counter type="COMPLEXITY" missed="1" covered="0"/>
				<counter type="METHOD" missed="1" covered="0"/>
			</method>
			<method name="doGet"
					desc="(Ljavax/servlet/http/HttpServletRequest;Ljavax/servlet/http/HttpServletResponse;)V" line="27">
				<counter type="INSTRUCTION" missed="40" covered="0"/>
				<counter type="BRANCH" missed="6" covered="0"/>
				<counter type="LINE" missed="11" covered="0"/>
				<counter type="COMPLEXITY" missed="4" covered="0"/>
				<counter type="METHOD" missed="1" covered="0"/>
			</method>
			<method name="doPut"
					desc="(Ljavax/servlet/http/HttpServletRequest;Ljavax/servlet/http/HttpServletResponse;)V" line="42">
				<counter type="INSTRUCTION" missed="34" covered="0"/>
				<counter type="BRANCH" missed="6" covered="0"/>
				<counter type="LINE" missed="8" covered="0"/>
				<counter type="COMPLEXITY" missed="4" covered="0"/>
				<counter type="METHOD" missed="1" covered="0"/>
			</method>
			<method name="serveBands" desc="([Ljava/lang/String;Ljavax/servlet/http/HttpServletResponse;)V" line="55">
				<counter type="INSTRUCTION" missed="45" covered="0"/>
				<counter type="BRANCH" missed="4" covered="0"/>
				<counter type="LINE" missed="11" covered="0"/>
				<counter type="COMPLEXITY" missed="3" covered="0"/>
				<counter type="METHOD" missed="1" covered="0"/>
			</method>
			<method name="upvoteBand" desc="(ILjavax/servlet/http/HttpServletResponse;)V" line="72">
				<counter type="INSTRUCTION" missed="58" covered="0"/>
				<counter type="BRANCH" missed="2" covered="0"/>
				<counter type="LINE" missed="15" covered="0"/>
				<counter type="COMPLEXITY" missed="2" covered="0"/>
				<counter type="METHOD" missed="1" covered="0"/>
			</method>
			<method name="destroy" desc="()V" line="92">
				<counter type="INSTRUCTION" missed="1" covered="0"/>
				<counter type="LINE" missed="1" covered="0"/>
				<counter type="COMPLEXITY" missed="1" covered="0"/>
				<counter type="METHOD" missed="1" covered="0"/>
			</method>
			<counter type="INSTRUCTION" missed="187" covered="0"/>
			<counter type="BRANCH" missed="18" covered="0"/>
			<counter type="LINE" missed="50" covered="0"/>
			<counter type="COMPLEXITY" missed="16" covered="0"/>
			<counter type="METHOD" missed="7" covered="0"/>
			<counter type="CLASS" missed="1" covered="0"/>
		</class>
		<class name="com/hp/devops/demoapp/NewClass1">
			<method name="&lt;init&gt;" desc="()V" line="7">
				<counter type="INSTRUCTION" missed="0" covered="3"/>
				<counter type="LINE" missed="0" covered="1"/>
				<counter type="COMPLEXITY" missed="0" covered="1"/>
				<counter type="METHOD" missed="0" covered="1"/>
			</method>
			<method name="methodThatThrowsException" desc="()V" line="9">
				<counter type="INSTRUCTION" missed="0" covered="5"/>
				<counter type="LINE" missed="0" covered="1"/>
				<counter type="COMPLEXITY" missed="0" covered="1"/>
				<counter type="METHOD" missed="0" covered="1"/>
			</method>
			<counter type="INSTRUCTION" missed="0" covered="8"/>
			<counter type="LINE" missed="0" covered="2"/>
			<counter type="COMPLEXITY" missed="0" covered="2"/>
			<counter type="METHOD" missed="0" covered="2"/>
			<counter type="CLASS" missed="0" covered="1"/>
		</class>
		<class name="com/hp/devops/demoapp/DataManager">
			<method name="&lt;init&gt;" desc="()V" line="19">
				<counter type="INSTRUCTION" missed="3" covered="0"/>
				<counter type="LINE" missed="1" covered="0"/>
				<counter type="COMPLEXITY" missed="1" covered="0"/>
				<counter type="METHOD" missed="1" covered="0"/>
			</method>
			<method name="init" desc="(Ljavax/servlet/ServletContext;)V" line="28">
				<counter type="INSTRUCTION" missed="5" covered="13"/>
				<counter type="BRANCH" missed="1" covered="1"/>
				<counter type="LINE" missed="3" covered="4"/>
				<counter type="COMPLEXITY" missed="1" covered="1"/>
				<counter type="METHOD" missed="0" covered="1"/>
			</method>
			<method name="isInitialized" desc="()Z" line="39">
				<counter type="INSTRUCTION" missed="0" covered="2"/>
				<counter type="LINE" missed="0" covered="1"/>
				<counter type="COMPLEXITY" missed="0" covered="1"/>
				<counter type="METHOD" missed="0" covered="1"/>
			</method>
			<method name="loadData" desc="()V" line="43">
				<counter type="INSTRUCTION" missed="90" covered="14"/>
				<counter type="BRANCH" missed="5" covered="1"/>
				<counter type="LINE" missed="19" covered="5"/>
				<counter type="COMPLEXITY" missed="3" covered="1"/>
				<counter type="METHOD" missed="0" covered="1"/>
			</method>
			<method name="saveData" desc="()V" line="73">
				<counter type="INSTRUCTION" missed="94" covered="0"/>
				<counter type="BRANCH" missed="2" covered="0"/>
				<counter type="LINE" missed="21" covered="0"/>
				<counter type="COMPLEXITY" missed="2" covered="0"/>
				<counter type="METHOD" missed="1" covered="0"/>
			</method>
			<method name="getAll" desc="()[Lcom/hp/devops/demoapp/Band;" line="99">
				<counter type="INSTRUCTION" missed="7" covered="7"/>
				<counter type="BRANCH" missed="1" covered="1"/>
				<counter type="LINE" missed="1" covered="1"/>
				<counter type="COMPLEXITY" missed="1" covered="1"/>
				<counter type="METHOD" missed="0" covered="1"/>
			</method>
			<method name="getBand" desc="(I)Lcom/hp/devops/demoapp/Band;" line="104">
				<counter type="INSTRUCTION" missed="19" covered="7"/>
				<counter type="BRANCH" missed="5" covered="1"/>
				<counter type="LINE" missed="4" covered="1"/>
				<counter type="COMPLEXITY" missed="3" covered="1"/>
				<counter type="METHOD" missed="0" covered="1"/>
			</method>
			<method name="upVoteBand" desc="(I)V" line="112">
				<counter type="INSTRUCTION" missed="31" covered="7"/>
				<counter type="BRANCH" missed="3" covered="1"/>
				<counter type="LINE" missed="8" covered="1"/>
				<counter type="COMPLEXITY" missed="2" covered="1"/>
				<counter type="METHOD" missed="0" covered="1"/>
			</method>
			<method name="&lt;clinit&gt;" desc="()V" line="21">
				<counter type="INSTRUCTION" missed="0" covered="13"/>
				<counter type="LINE" missed="0" covered="4"/>
				<counter type="COMPLEXITY" missed="0" covered="1"/>
				<counter type="METHOD" missed="0" covered="1"/>
			</method>
			<counter type="INSTRUCTION" missed="249" covered="63"/>
			<counter type="BRANCH" missed="17" covered="5"/>
			<counter type="LINE" missed="57" covered="17"/>
			<counter type="COMPLEXITY" missed="13" covered="7"/>
			<counter type="METHOD" missed="2" covered="7"/>
			<counter type="CLASS" missed="0" covered="1"/>
		</class>
		<class name="com/hp/devops/demoapp/Calcs">
			<method name="&lt;init&gt;" desc="()V" line="8">
				<counter type="INSTRUCTION" missed="3" covered="0"/>
				<counter type="LINE" missed="1" covered="0"/>
				<counter type="COMPLEXITY" missed="1" covered="0"/>
				<counter type="METHOD" missed="1" covered="0"/>
			</method>
			<method name="sum" desc="(II)I" line="11">
				<counter type="INSTRUCTION" missed="0" covered="6"/>
				<counter type="LINE" missed="0" covered="1"/>
				<counter type="COMPLEXITY" missed="0" covered="1"/>
				<counter type="METHOD" missed="0" covered="1"/>
			</method>
			<method name="sub" desc="(II)I" line="15">
				<counter type="INSTRUCTION" missed="0" covered="6"/>
				<counter type="LINE" missed="0" covered="1"/>
				<counter type="COMPLEXITY" missed="0" covered="1"/>
				<counter type="METHOD" missed="0" covered="1"/>
			</method>
			<method name="equal" desc="(II)Z" line="19">
				<counter type="INSTRUCTION" missed="1" covered="6"/>
				<counter type="BRANCH" missed="1" covered="1"/>
				<counter type="LINE" missed="0" covered="1"/>
				<counter type="COMPLEXITY" missed="1" covered="1"/>
				<counter type="METHOD" missed="0" covered="1"/>
			</method>
			<method name="nonEqual" desc="(II)Z" line="23">
				<counter type="INSTRUCTION" missed="0" covered="7"/>
				<counter type="BRANCH" missed="0" covered="2"/>
				<counter type="LINE" missed="0" covered="1"/>
				<counter type="COMPLEXITY" missed="0" covered="2"/>
				<counter type="METHOD" missed="0" covered="1"/>
			</method>
			<method name="alwaysTrue" desc="()Z" line="27">
				<counter type="INSTRUCTION" missed="0" covered="2"/>
				<counter type="LINE" missed="0" covered="1"/>
				<counter type="COMPLEXITY" missed="0" covered="1"/>
				<counter type="METHOD" missed="0" covered="1"/>
			</method>
			<counter type="INSTRUCTION" missed="4" covered="27"/>
			<counter type="BRANCH" missed="1" covered="3"/>
			<counter type="LINE" missed="1" covered="5"/>
			<counter type="COMPLEXITY" missed="2" covered="6"/>
			<counter type="METHOD" missed="1" covered="5"/>
			<counter type="CLASS" missed="0" covered="1"/>
		</class>
		<class name="com/hp/devops/demoapp/HtmlUnitDriver">
			<method name="&lt;init&gt;" desc="()V" line="6">
				<counter type="INSTRUCTION" missed="3" covered="0"/>
				<counter type="LINE" missed="1" covered="0"/>
				<counter type="COMPLEXITY" missed="1" covered="0"/>
				<counter type="METHOD" missed="1" covered="0"/>
			</method>
			<counter type="INSTRUCTION" missed="3" covered="0"/>
			<counter type="LINE" missed="1" covered="0"/>
			<counter type="COMPLEXITY" missed="1" covered="0"/>
			<counter type="METHOD" missed="1" covered="0"/>
			<counter type="CLASS" missed="1" covered="0"/>
		</class>
		<class name="com/hp/devops/demoapp/Utils">
			<method name="&lt;init&gt;" desc="()V" line="10">
				<counter type="INSTRUCTION" missed="3" covered="0"/>
				<counter type="LINE" missed="1" covered="0"/>
				<counter type="COMPLEXITY" missed="1" covered="0"/>
				<counter type="METHOD" missed="1" covered="0"/>
			</method>
			<method name="nodify" desc="(Ljava/lang/String;)[Ljava/lang/String;" line="13">
				<counter type="INSTRUCTION" missed="0" covered="49"/>
				<counter type="BRANCH" missed="0" covered="8"/>
				<counter type="LINE" missed="0" covered="8"/>
				<counter type="COMPLEXITY" missed="0" covered="5"/>
				<counter type="METHOD" missed="0" covered="1"/>
			</method>
			<method name="simpleLogical" desc="()Z" line="27">
				<counter type="INSTRUCTION" missed="0" covered="15"/>
				<counter type="BRANCH" missed="0" covered="2"/>
				<counter type="LINE" missed="0" covered="4"/>
				<counter type="COMPLEXITY" missed="0" covered="2"/>
				<counter type="METHOD" missed="0" covered="1"/>
			</method>
			<counter type="INSTRUCTION" missed="3" covered="64"/>
			<counter type="BRANCH" missed="0" covered="10"/>
			<counter type="LINE" missed="1" covered="12"/>
			<counter type="COMPLEXITY" missed="1" covered="7"/>
			<counter type="METHOD" missed="1" covered="2"/>
			<counter type="CLASS" missed="0" covered="1"/>
		</class>
		<sourcefile name="NewClass1.java">
			<line nr="7" mi="0" ci="3" mb="0" cb="0"/>
			<line nr="9" mi="0" ci="5" mb="0" cb="0"/>
			<counter type="INSTRUCTION" missed="0" covered="8"/>
			<counter type="LINE" missed="0" covered="2"/>
			<counter type="COMPLEXITY" missed="0" covered="2"/>
			<counter type="METHOD" missed="0" covered="2"/>
			<counter type="CLASS" missed="0" covered="1"/>
		</sourcefile>
		<sourcefile name="RestServlet.java">
			<line nr="17" mi="3" ci="0" mb="0" cb="0"/>
			<line nr="21" mi="3" ci="0" mb="0" cb="0"/>
			<line nr="22" mi="2" ci="0" mb="0" cb="0"/>
			<line nr="23" mi="1" ci="0" mb="0" cb="0"/>
			<line nr="27" mi="4" ci="0" mb="0" cb="0"/>
			<line nr="28" mi="3" ci="0" mb="2" cb="0"/>
			<line nr="29" mi="5" ci="0" mb="0" cb="0"/>
			<line nr="30" mi="6" ci="0" mb="2" cb="0"/>
			<line nr="31" mi="5" ci="0" mb="0" cb="0"/>
			<line nr="32" mi="6" ci="0" mb="2" cb="0"/>
			<line nr="33" mi="1" ci="0" mb="0" cb="0"/>
			<line nr="34" mi="3" ci="0" mb="0" cb="0"/>
			<line nr="35" mi="4" ci="0" mb="0" cb="0"/>
			<line nr="36" mi="2" ci="0" mb="0" cb="0"/>
			<line nr="38" mi="1" ci="0" mb="0" cb="0"/>
			<line nr="42" mi="4" ci="0" mb="0" cb="0"/>
			<line nr="44" mi="3" ci="0" mb="2" cb="0"/>
			<line nr="45" mi="5" ci="0" mb="0" cb="0"/>
			<line nr="46" mi="6" ci="0" mb="2" cb="0"/>
			<line nr="47" mi="5" ci="0" mb="0" cb="0"/>
			<line nr="48" mi="6" ci="0" mb="2" cb="0"/>
			<line nr="49" mi="4" ci="0" mb="0" cb="0"/>
			<line nr="52" mi="1" ci="0" mb="0" cb="0"/>
			<line nr="55" mi="4" ci="0" mb="0" cb="0"/>
			<line nr="56" mi="3" ci="0" mb="0" cb="0"/>
			<line nr="58" mi="4" ci="0" mb="2" cb="0"/>
			<line nr="59" mi="16" ci="0" mb="2" cb="0"/>
			<line nr="60" mi="5" ci="0" mb="0" cb="0"/>
			<line nr="63" mi="5" ci="0" mb="0" cb="0"/>
			<line nr="64" mi="2" ci="0" mb="0" cb="0"/>
			<line nr="65" mi="1" ci="0" mb="0" cb="0"/>
			<line nr="66" mi="3" ci="0" mb="0" cb="0"/>
			<line nr="67" mi="1" ci="0" mb="0" cb="0"/>
			<line nr="68" mi="1" ci="0" mb="0" cb="0"/>
			<line nr="72" mi="4" ci="0" mb="0" cb="0"/>
			<line nr="73" mi="3" ci="0" mb="0" cb="0"/>
			<line nr="75" mi="2" ci="0" mb="0" cb="0"/>
			<line nr="76" mi="16" ci="0" mb="2" cb="0"/>
			<line nr="77" mi="5" ci="0" mb="0" cb="0"/>
			<line nr="79" mi="6" ci="0" mb="0" cb="0"/>
			<line nr="80" mi="3" ci="0" mb="0" cb="0"/>
			<line nr="81" mi="3" ci="0" mb="0" cb="0"/>
			<line nr="82" mi="3" ci="0" mb="0" cb="0"/>
			<line nr="83" mi="5" ci="0" mb="0" cb="0"/>
			<line nr="84" mi="2" ci="0" mb="0" cb="0"/>
			<line nr="85" mi="1" ci="0" mb="0" cb="0"/>
			<line nr="86" mi="3" ci="0" mb="0" cb="0"/>
			<line nr="87" mi="1" ci="0" mb="0" cb="0"/>
			<line nr="88" mi="1" ci="0" mb="0" cb="0"/>
			<line nr="92" mi="1" ci="0" mb="0" cb="0"/>
			<counter type="INSTRUCTION" missed="187" covered="0"/>
			<counter type="BRANCH" missed="18" covered="0"/>
			<counter type="LINE" missed="50" covered="0"/>
			<counter type="COMPLEXITY" missed="16" covered="0"/>
			<counter type="METHOD" missed="7" covered="0"/>
			<counter type="CLASS" missed="1" covered="0"/>
		</sourcefile>
		<sourcefile name="NewClass6.java">
			<line nr="7" mi="3" ci="0" mb="0" cb="0"/>
			<counter type="INSTRUCTION" missed="3" covered="0"/>
			<counter type="LINE" missed="1" covered="0"/>
			<counter type="COMPLEXITY" missed="1" covered="0"/>
			<counter type="METHOD" missed="1" covered="0"/>
			<counter type="CLASS" missed="1" covered="0"/>
		</sourcefile>
		<sourcefile name="NewClass2.java">
			<line nr="8" mi="3" ci="0" mb="0" cb="0"/>
			<counter type="INSTRUCTION" missed="3" covered="0"/>
			<counter type="LINE" missed="1" covered="0"/>
			<counter type="COMPLEXITY" missed="1" covered="0"/>
			<counter type="METHOD" missed="1" covered="0"/>
			<counter type="CLASS" missed="1" covered="0"/>
		</sourcefile>
		<sourcefile name="Calcs.java">
			<line nr="8" mi="3" ci="0" mb="0" cb="0"/>
			<line nr="11" mi="0" ci="6" mb="0" cb="0"/>
			<line nr="15" mi="0" ci="6" mb="0" cb="0"/>
			<line nr="19" mi="1" ci="6" mb="1" cb="1"/>
			<line nr="23" mi="0" ci="7" mb="0" cb="2"/>
			<line nr="27" mi="0" ci="2" mb="0" cb="0"/>
			<counter type="INSTRUCTION" missed="4" covered="27"/>
			<counter type="BRANCH" missed="1" covered="3"/>
			<counter type="LINE" missed="1" covered="5"/>
			<counter type="COMPLEXITY" missed="2" covered="6"/>
			<counter type="METHOD" missed="1" covered="5"/>
			<counter type="CLASS" missed="0" covered="1"/>
		</sourcefile>
		<sourcefile name="Band.java">
			<line nr="16" mi="0" ci="3" mb="0" cb="0"/>
			<line nr="17" mi="0" ci="3" mb="0" cb="0"/>
			<line nr="18" mi="0" ci="3" mb="0" cb="0"/>
			<line nr="19" mi="0" ci="3" mb="0" cb="0"/>
			<line nr="21" mi="0" ci="2" mb="0" cb="0"/>
			<line nr="22" mi="0" ci="3" mb="0" cb="0"/>
			<line nr="23" mi="0" ci="4" mb="0" cb="2"/>
			<line nr="24" mi="0" ci="5" mb="0" cb="0"/>
			<line nr="25" mi="0" ci="9" mb="0" cb="2"/>
			<line nr="26" mi="0" ci="9" mb="0" cb="2"/>
			<line nr="27" mi="0" ci="9" mb="1" cb="1"/>
			<line nr="28" mi="0" ci="10" mb="1" cb="1"/>
			<line nr="30" mi="0" ci="5" mb="0" cb="0"/>
			<line nr="32" mi="0" ci="1" mb="0" cb="0"/>
			<line nr="38" mi="3" ci="0" mb="0" cb="0"/>
			<line nr="39" mi="4" ci="0" mb="0" cb="0"/>
			<line nr="43" mi="4" ci="0" mb="0" cb="0"/>
			<line nr="44" mi="6" ci="0" mb="0" cb="0"/>
			<line nr="45" mi="6" ci="0" mb="0" cb="0"/>
			<line nr="46" mi="6" ci="0" mb="0" cb="0"/>
			<line nr="47" mi="6" ci="0" mb="0" cb="0"/>
			<line nr="48" mi="6" ci="0" mb="0" cb="0"/>
			<line nr="49" mi="2" ci="0" mb="0" cb="0"/>
			<line nr="53" mi="0" ci="4" mb="0" cb="0"/>
			<line nr="54" mi="0" ci="6" mb="0" cb="0"/>
			<line nr="55" mi="0" ci="6" mb="0" cb="0"/>
			<line nr="56" mi="0" ci="2" mb="0" cb="0"/>
			<counter type="INSTRUCTION" missed="43" covered="87"/>
			<counter type="BRANCH" missed="2" covered="8"/>
			<counter type="LINE" missed="9" covered="18"/>
			<counter type="COMPLEXITY" missed="4" covered="5"/>
			<counter type="METHOD" missed="2" covered="2"/>
			<counter type="CLASS" missed="0" covered="1"/>
		</sourcefile>
		<sourcefile name="HtmlUnitDriver.java">
			<line nr="6" mi="3" ci="0" mb="0" cb="0"/>
			<counter type="INSTRUCTION" missed="3" covered="0"/>
			<counter type="LINE" missed="1" covered="0"/>
			<counter type="COMPLEXITY" missed="1" covered="0"/>
			<counter type="METHOD" missed="1" covered="0"/>
			<counter type="CLASS" missed="1" covered="0"/>
		</sourcefile>
		<sourcefile name="DataManager.java">
			<line nr="19" mi="3" ci="0" mb="0" cb="0"/>
			<line nr="21" mi="0" ci="2" mb="0" cb="0"/>
			<line nr="22" mi="0" ci="4" mb="0" cb="0"/>
			<line nr="23" mi="0" ci="2" mb="0" cb="0"/>
			<line nr="25" mi="0" ci="5" mb="0" cb="0"/>
			<line nr="28" mi="0" ci="3" mb="0" cb="0"/>
			<line nr="29" mi="0" ci="3" mb="0" cb="0"/>
			<line nr="30" mi="0" ci="2" mb="1" cb="1"/>
			<line nr="31" mi="2" ci="0" mb="0" cb="0"/>
			<line nr="32" mi="2" ci="0" mb="0" cb="0"/>
			<line nr="34" mi="0" ci="5" mb="0" cb="0"/>
			<line nr="36" mi="1" ci="0" mb="0" cb="0"/>
			<line nr="39" mi="0" ci="2" mb="0" cb="0"/>
			<line nr="43" mi="0" ci="3" mb="0" cb="0"/>
			<line nr="45" mi="0" ci="7" mb="1" cb="1"/>
			<line nr="46" mi="7" ci="0" mb="0" cb="0"/>
			<line nr="47" mi="3" ci="0" mb="0" cb="0"/>
			<line nr="48" mi="2" ci="0" mb="0" cb="0"/>
			<line nr="49" mi="3" ci="0" mb="0" cb="0"/>
			<line nr="51" mi="5" ci="0" mb="2" cb="0"/>
			<line nr="52" mi="6" ci="0" mb="0" cb="0"/>
			<line nr="53" mi="15" ci="0" mb="0" cb="0"/>
			<line nr="55" mi="5" ci="0" mb="0" cb="0"/>
			<line nr="56" mi="4" ci="0" mb="0" cb="0"/>
			<line nr="57" mi="4" ci="0" mb="0" cb="0"/>
			<line nr="58" mi="8" ci="0" mb="2" cb="0"/>
			<line nr="59" mi="9" ci="0" mb="0" cb="0"/>
			<line nr="61" mi="8" ci="0" mb="0" cb="0"/>
			<line nr="62" mi="2" ci="0" mb="0" cb="0"/>
			<line nr="63" mi="1" ci="0" mb="0" cb="0"/>
			<line nr="64" mi="2" ci="0" mb="0" cb="0"/>
			<line nr="65" mi="1" ci="0" mb="0" cb="0"/>
			<line nr="66" mi="2" ci="0" mb="0" cb="0"/>
			<line nr="67" mi="0" ci="1" mb="0" cb="0"/>
			<line nr="68" mi="0" ci="2" mb="0" cb="0"/>
			<line nr="69" mi="3" ci="0" mb="0" cb="0"/>
			<line nr="70" mi="0" ci="1" mb="0" cb="0"/>
			<line nr="73" mi="4" ci="0" mb="0" cb="0"/>
			<line nr="74" mi="4" ci="0" mb="0" cb="0"/>
			<line nr="75" mi="10" ci="0" mb="2" cb="0"/>
			<line nr="76" mi="5" ci="0" mb="0" cb="0"/>
			<line nr="77" mi="1" ci="0" mb="0" cb="0"/>
			<line nr="78" mi="8" ci="0" mb="0" cb="0"/>
			<line nr="80" mi="4" ci="0" mb="0" cb="0"/>
			<line nr="81" mi="7" ci="0" mb="0" cb="0"/>
			<line nr="82" mi="3" ci="0" mb="0" cb="0"/>
			<line nr="83" mi="15" ci="0" mb="0" cb="0"/>
			<line nr="86" mi="3" ci="0" mb="0" cb="0"/>
			<line nr="87" mi="6" ci="0" mb="0" cb="0"/>
			<line nr="88" mi="5" ci="0" mb="0" cb="0"/>
			<line nr="89" mi="2" ci="0" mb="0" cb="0"/>
			<line nr="90" mi="8" ci="0" mb="0" cb="0"/>
			<line nr="91" mi="1" ci="0" mb="0" cb="0"/>
			<line nr="92" mi="2" ci="0" mb="0" cb="0"/>
			<line nr="93" mi="1" ci="0" mb="0" cb="0"/>
			<line nr="94" mi="2" ci="0" mb="0" cb="0"/>
			<line nr="95" mi="2" ci="0" mb="0" cb="0"/>
			<line nr="96" mi="1" ci="0" mb="0" cb="0"/>
			<line nr="99" mi="0" ci="7" mb="1" cb="1"/>
			<line nr="100" mi="7" ci="0" mb="0" cb="0"/>
			<line nr="104" mi="0" ci="7" mb="1" cb="1"/>
			<line nr="105" mi="10" ci="0" mb="2" cb="0"/>
			<line nr="106" mi="6" ci="0" mb="2" cb="0"/>
			<line nr="107" mi="1" ci="0" mb="0" cb="0"/>
			<line nr="108" mi="2" ci="0" mb="0" cb="0"/>
			<line nr="112" mi="0" ci="7" mb="1" cb="1"/>
			<line nr="113" mi="3" ci="0" mb="0" cb="0"/>
			<line nr="114" mi="2" ci="0" mb="2" cb="0"/>
			<line nr="115" mi="4" ci="0" mb="0" cb="0"/>
			<line nr="116" mi="6" ci="0" mb="0" cb="0"/>
			<line nr="117" mi="8" ci="0" mb="0" cb="0"/>
			<line nr="118" mi="2" ci="0" mb="0" cb="0"/>
			<line nr="120" mi="5" ci="0" mb="0" cb="0"/>
			<line nr="122" mi="1" ci="0" mb="0" cb="0"/>
			<counter type="INSTRUCTION" missed="249" covered="63"/>
			<counter type="BRANCH" missed="17" covered="5"/>
			<counter type="LINE" missed="57" covered="17"/>
			<counter type="COMPLEXITY" missed="13" covered="7"/>
			<counter type="METHOD" missed="2" covered="7"/>
			<counter type="CLASS" missed="0" covered="1"/>
		</sourcefile>
		<sourcefile name="NewClass7.java">
			<line nr="6" mi="3" ci="0" mb="0" cb="0"/>
			<counter type="INSTRUCTION" missed="3" covered="0"/>
			<counter type="LINE" missed="1" covered="0"/>
			<counter type="COMPLEXITY" missed="1" covered="0"/>
			<counter type="METHOD" missed="1" covered="0"/>
			<counter type="CLASS" missed="1" covered="0"/>
		</sourcefile>
		<sourcefile name="Utils.java">
			<line nr="10" mi="3" ci="0" mb="0" cb="0"/>
			<line nr="13" mi="0" ci="4" mb="0" cb="0"/>
			<line nr="14" mi="0" ci="3" mb="0" cb="0"/>
			<line nr="15" mi="0" ci="2" mb="0" cb="2"/>
			<line nr="16" mi="0" ci="18" mb="0" cb="2"/>
			<line nr="17" mi="0" ci="8" mb="0" cb="4"/>
			<line nr="18" mi="0" ci="4" mb="0" cb="0"/>
			<line nr="19" mi="0" ci="3" mb="0" cb="0"/>
			<line nr="23" mi="0" ci="7" mb="0" cb="0"/>
			<line nr="27" mi="0" ci="3" mb="0" cb="0"/>
			<line nr="28" mi="0" ci="7" mb="0" cb="2"/>
			<line nr="29" mi="0" ci="3" mb="0" cb="0"/>
			<line nr="32" mi="0" ci="2" mb="0" cb="0"/>
			<counter type="INSTRUCTION" missed="3" covered="64"/>
			<counter type="BRANCH" missed="0" covered="10"/>
			<counter type="LINE" missed="1" covered="12"/>
			<counter type="COMPLEXITY" missed="1" covered="7"/>
			<counter type="METHOD" missed="1" covered="2"/>
			<counter type="CLASS" missed="0" covered="1"/>
		</sourcefile>
		<sourcefile name="NewClass4.java">
			<line nr="7" mi="3" ci="0" mb="0" cb="0"/>
			<counter type="INSTRUCTION" missed="3" covered="0"/>
			<counter type="LINE" missed="1" covered="0"/>
			<counter type="COMPLEXITY" missed="1" covered="0"/>
			<counter type="METHOD" missed="1" covered="0"/>
			<counter type="CLASS" missed="1" covered="0"/>
		</sourcefile>
		<counter type="INSTRUCTION" missed="501" covered="249"/>
		<counter type="BRANCH" missed="38" covered="26"/>
		<counter type="LINE" missed="123" covered="54"/>
		<counter type="COMPLEXITY" missed="41" covered="27"/>
		<counter type="METHOD" missed="18" covered="18"/>
		<counter type="CLASS" missed="6" covered="5"/>
	</package>
	<package name="com/hp/devops/demoapp/aa/bb/cc/dd/ee/ff/ee">
		<class name="com/hp/devops/demoapp/aa/bb/cc/dd/ee/ff/ee/DaaNewName">
			<method name="&lt;init&gt;" desc="()V" line="7">
				<counter type="INSTRUCTION" missed="3" covered="0"/>
				<counter type="LINE" missed="1" covered="0"/>
				<counter type="COMPLEXITY" missed="1" covered="0"/>
				<counter type="METHOD" missed="1" covered="0"/>
			</method>
			<counter type="INSTRUCTION" missed="3" covered="0"/>
			<counter type="LINE" missed="1" covered="0"/>
			<counter type="COMPLEXITY" missed="1" covered="0"/>
			<counter type="METHOD" missed="1" covered="0"/>
			<counter type="CLASS" missed="1" covered="0"/>
		</class>
		<sourcefile name="DaaNewName.java">
			<line nr="7" mi="3" ci="0" mb="0" cb="0"/>
			<counter type="INSTRUCTION" missed="3" covered="0"/>
			<counter type="LINE" missed="1" covered="0"/>
			<counter type="COMPLEXITY" missed="1" covered="0"/>
			<counter type="METHOD" missed="1" covered="0"/>
			<counter type="CLASS" missed="1" covered="0"/>
		</sourcefile>
		<counter type="INSTRUCTION" missed="3" covered="0"/>
		<counter type="LINE" missed="1" covered="0"/>
		<counter type="COMPLEXITY" missed="1" covered="0"/>
		<counter type="METHOD" missed="1" covered="0"/>
		<counter type="CLASS" missed="1" covered="0"/>
	</package>
	<package name="test">
		<class name="test/Utils">
			<method name="&lt;init&gt;" desc="()V" line="10">
				<counter type="INSTRUCTION" missed="3" covered="0"/>
				<counter type="LINE" missed="1" covered="0"/>
				<counter type="COMPLEXITY" missed="1" covered="0"/>
				<counter type="METHOD" missed="1" covered="0"/>
			</method>
			<method name="nodify" desc="(Ljava/lang/String;)[Ljava/lang/String;" line="13">
				<counter type="INSTRUCTION" missed="49" covered="0"/>
				<counter type="BRANCH" missed="8" covered="0"/>
				<counter type="LINE" missed="8" covered="0"/>
				<counter type="COMPLEXITY" missed="5" covered="0"/>
				<counter type="METHOD" missed="1" covered="0"/>
			</method>
			<method name="simpleLogical" desc="()Z" line="27">
				<counter type="INSTRUCTION" missed="15" covered="0"/>
				<counter type="BRANCH" missed="2" covered="0"/>
				<counter type="LINE" missed="4" covered="0"/>
				<counter type="COMPLEXITY" missed="2" covered="0"/>
				<counter type="METHOD" missed="1" covered="0"/>
			</method>
			<counter type="INSTRUCTION" missed="67" covered="0"/>
			<counter type="BRANCH" missed="10" covered="0"/>
			<counter type="LINE" missed="13" covered="0"/>
			<counter type="COMPLEXITY" missed="8" covered="0"/>
			<counter type="METHOD" missed="3" covered="0"/>
			<counter type="CLASS" missed="1" covered="0"/>
		</class>
		<class name="test/NewClass2">
			<method name="&lt;init&gt;" desc="()V" line="8">
				<counter type="INSTRUCTION" missed="3" covered="0"/>
				<counter type="LINE" missed="1" covered="0"/>
				<counter type="COMPLEXITY" missed="1" covered="0"/>
				<counter type="METHOD" missed="1" covered="0"/>
			</method>
			<counter type="INSTRUCTION" missed="3" covered="0"/>
			<counter type="LINE" missed="1" covered="0"/>
			<counter type="COMPLEXITY" missed="1" covered="0"/>
			<counter type="METHOD" missed="1" covered="0"/>
			<counter type="CLASS" missed="1" covered="0"/>
		</class>
		<class name="test/NewClass1">
			<method name="&lt;init&gt;" desc="()V" line="7">
				<counter type="INSTRUCTION" missed="3" covered="0"/>
				<counter type="LINE" missed="1" covered="0"/>
				<counter type="COMPLEXITY" missed="1" covered="0"/>
				<counter type="METHOD" missed="1" covered="0"/>
			</method>
			<method name="methodThatThrowsException" desc="()V" line="9">
				<counter type="INSTRUCTION" missed="5" covered="0"/>
				<counter type="LINE" missed="1" covered="0"/>
				<counter type="COMPLEXITY" missed="1" covered="0"/>
				<counter type="METHOD" missed="1" covered="0"/>
			</method>
			<counter type="INSTRUCTION" missed="8" covered="0"/>
			<counter type="LINE" missed="2" covered="0"/>
			<counter type="COMPLEXITY" missed="2" covered="0"/>
			<counter type="METHOD" missed="2" covered="0"/>
			<counter type="CLASS" missed="1" covered="0"/>
		</class>
		<class name="test/NewClass4">
			<method name="&lt;init&gt;" desc="()V" line="7">
				<counter type="INSTRUCTION" missed="3" covered="0"/>
				<counter type="LINE" missed="1" covered="0"/>
				<counter type="COMPLEXITY" missed="1" covered="0"/>
				<counter type="METHOD" missed="1" covered="0"/>
			</method>
			<counter type="INSTRUCTION" missed="3" covered="0"/>
			<counter type="LINE" missed="1" covered="0"/>
			<counter type="COMPLEXITY" missed="1" covered="0"/>
			<counter type="METHOD" missed="1" covered="0"/>
			<counter type="CLASS" missed="1" covered="0"/>
		</class>
		<class name="test/HtmlUnitDriver">
			<method name="&lt;init&gt;" desc="()V" line="7">
				<counter type="INSTRUCTION" missed="3" covered="0"/>
				<counter type="LINE" missed="1" covered="0"/>
				<counter type="COMPLEXITY" missed="1" covered="0"/>
				<counter type="METHOD" missed="1" covered="0"/>
			</method>
			<counter type="INSTRUCTION" missed="3" covered="0"/>
			<counter type="LINE" missed="1" covered="0"/>
			<counter type="COMPLEXITY" missed="1" covered="0"/>
			<counter type="METHOD" missed="1" covered="0"/>
			<counter type="CLASS" missed="1" covered="0"/>
		</class>
		<class name="test/Band">
			<method name="&lt;init&gt;" desc="(Lorg/json/JSONObject;)V" line="17">
				<counter type="INSTRUCTION" missed="69" covered="0"/>
				<counter type="BRANCH" missed="10" covered="0"/>
				<counter type="LINE" missed="14" covered="0"/>
				<counter type="COMPLEXITY" missed="6" covered="0"/>
				<counter type="METHOD" missed="1" covered="0"/>
			</method>
			<method name="methodThatThrowsNullPointerException" desc="()V" line="39">
				<counter type="INSTRUCTION" missed="7" covered="0"/>
				<counter type="LINE" missed="2" covered="0"/>
				<counter type="COMPLEXITY" missed="1" covered="0"/>
				<counter type="METHOD" missed="1" covered="0"/>
			</method>
			<method name="toJSON" desc="()Lorg/json/JSONObject;" line="44">
				<counter type="INSTRUCTION" missed="36" covered="0"/>
				<counter type="LINE" missed="7" covered="0"/>
				<counter type="COMPLEXITY" missed="1" covered="0"/>
				<counter type="METHOD" missed="1" covered="0"/>
			</method>
			<method name="toJSONVotes" desc="()Lorg/json/JSONObject;" line="54">
				<counter type="INSTRUCTION" missed="18" covered="0"/>
				<counter type="LINE" missed="4" covered="0"/>
				<counter type="COMPLEXITY" missed="1" covered="0"/>
				<counter type="METHOD" missed="1" covered="0"/>
			</method>
			<counter type="INSTRUCTION" missed="130" covered="0"/>
			<counter type="BRANCH" missed="10" covered="0"/>
			<counter type="LINE" missed="27" covered="0"/>
			<counter type="COMPLEXITY" missed="9" covered="0"/>
			<counter type="METHOD" missed="4" covered="0"/>
			<counter type="CLASS" missed="1" covered="0"/>
		</class>
		<class name="test/NewClass6">
			<method name="&lt;init&gt;" desc="()V" line="7">
				<counter type="INSTRUCTION" missed="3" covered="0"/>
				<counter type="LINE" missed="1" covered="0"/>
				<counter type="COMPLEXITY" missed="1" covered="0"/>
				<counter type="METHOD" missed="1" covered="0"/>
			</method>
			<counter type="INSTRUCTION" missed="3" covered="0"/>
			<counter type="LINE" missed="1" covered="0"/>
			<counter type="COMPLEXITY" missed="1" covered="0"/>
			<counter type="METHOD" missed="1" covered="0"/>
			<counter type="CLASS" missed="1" covered="0"/>
		</class>
		<class name="test/NewClass7">
			<method name="&lt;init&gt;" desc="()V" line="7">
				<counter type="INSTRUCTION" missed="3" covered="0"/>
				<counter type="LINE" missed="1" covered="0"/>
				<counter type="COMPLEXITY" missed="1" covered="0"/>
				<counter type="METHOD" missed="1" covered="0"/>
			</method>
			<counter type="INSTRUCTION" missed="3" covered="0"/>
			<counter type="LINE" missed="1" covered="0"/>
			<counter type="COMPLEXITY" missed="1" covered="0"/>
			<counter type="METHOD" missed="1" covered="0"/>
			<counter type="CLASS" missed="1" covered="0"/>
		</class>
		<class name="test/RestServlet">
			<method name="&lt;init&gt;" desc="()V" line="20">
				<counter type="INSTRUCTION" missed="3" covered="0"/>
				<counter type="LINE" missed="1" covered="0"/>
				<counter type="COMPLEXITY" missed="1" covered="0"/>
				<counter type="METHOD" missed="1" covered="0"/>
			</method>
			<method name="init" desc="()V" line="24">
				<counter type="INSTRUCTION" missed="6" covered="0"/>
				<counter type="LINE" missed="3" covered="0"/>
				<counter type="COMPLEXITY" missed="1" covered="0"/>
				<counter type="METHOD" missed="1" covered="0"/>
			</method>
			<method name="doGet"
					desc="(Ljavax/servlet/http/HttpServletRequest;Ljavax/servlet/http/HttpServletResponse;)V" line="30">
				<counter type="INSTRUCTION" missed="40" covered="0"/>
				<counter type="BRANCH" missed="6" covered="0"/>
				<counter type="LINE" missed="11" covered="0"/>
				<counter type="COMPLEXITY" missed="4" covered="0"/>
				<counter type="METHOD" missed="1" covered="0"/>
			</method>
			<method name="doPut"
					desc="(Ljavax/servlet/http/HttpServletRequest;Ljavax/servlet/http/HttpServletResponse;)V" line="45">
				<counter type="INSTRUCTION" missed="34" covered="0"/>
				<counter type="BRANCH" missed="6" covered="0"/>
				<counter type="LINE" missed="8" covered="0"/>
				<counter type="COMPLEXITY" missed="4" covered="0"/>
				<counter type="METHOD" missed="1" covered="0"/>
			</method>
			<method name="serveBands" desc="([Ljava/lang/String;Ljavax/servlet/http/HttpServletResponse;)V" line="58">
				<counter type="INSTRUCTION" missed="45" covered="0"/>
				<counter type="BRANCH" missed="4" covered="0"/>
				<counter type="LINE" missed="11" covered="0"/>
				<counter type="COMPLEXITY" missed="3" covered="0"/>
				<counter type="METHOD" missed="1" covered="0"/>
			</method>
			<method name="upvoteBand" desc="(ILjavax/servlet/http/HttpServletResponse;)V" line="75">
				<counter type="INSTRUCTION" missed="58" covered="0"/>
				<counter type="BRANCH" missed="2" covered="0"/>
				<counter type="LINE" missed="15" covered="0"/>
				<counter type="COMPLEXITY" missed="2" covered="0"/>
				<counter type="METHOD" missed="1" covered="0"/>
			</method>
			<method name="destroy" desc="()V" line="95">
				<counter type="INSTRUCTION" missed="1" covered="0"/>
				<counter type="LINE" missed="1" covered="0"/>
				<counter type="COMPLEXITY" missed="1" covered="0"/>
				<counter type="METHOD" missed="1" covered="0"/>
			</method>
			<counter type="INSTRUCTION" missed="187" covered="0"/>
			<counter type="BRANCH" missed="18" covered="0"/>
			<counter type="LINE" missed="50" covered="0"/>
			<counter type="COMPLEXITY" missed="16" covered="0"/>
			<counter type="METHOD" missed="7" covered="0"/>
			<counter type="CLASS" missed="1" covered="0"/>
		</class>
		<class name="test/Calcs">
			<method name="&lt;init&gt;" desc="()V" line="8">
				<counter type="INSTRUCTION" missed="3" covered="0"/>
				<counter type="LINE" missed="1" covered="0"/>
				<counter type="COMPLEXITY" missed="1" covered="0"/>
				<counter type="METHOD" missed="1" covered="0"/>
			</method>
			<method name="sum" desc="(II)I" line="11">
				<counter type="INSTRUCTION" missed="6" covered="0"/>
				<counter type="LINE" missed="1" covered="0"/>
				<counter type="COMPLEXITY" missed="1" covered="0"/>
				<counter type="METHOD" missed="1" covered="0"/>
			</method>
			<method name="sub" desc="(II)I" line="15">
				<counter type="INSTRUCTION" missed="6" covered="0"/>
				<counter type="LINE" missed="1" covered="0"/>
				<counter type="COMPLEXITY" missed="1" covered="0"/>
				<counter type="METHOD" missed="1" covered="0"/>
			</method>
			<method name="equal" desc="(II)Z" line="19">
				<counter type="INSTRUCTION" missed="7" covered="0"/>
				<counter type="BRANCH" missed="2" covered="0"/>
				<counter type="LINE" missed="1" covered="0"/>
				<counter type="COMPLEXITY" missed="2" covered="0"/>
				<counter type="METHOD" missed="1" covered="0"/>
			</method>
			<method name="nonEqual" desc="(II)Z" line="23">
				<counter type="INSTRUCTION" missed="7" covered="0"/>
				<counter type="BRANCH" missed="2" covered="0"/>
				<counter type="LINE" missed="1" covered="0"/>
				<counter type="COMPLEXITY" missed="2" covered="0"/>
				<counter type="METHOD" missed="1" covered="0"/>
			</method>
			<method name="alwaysTrue" desc="()Z" line="27">
				<counter type="INSTRUCTION" missed="2" covered="0"/>
				<counter type="LINE" missed="1" covered="0"/>
				<counter type="COMPLEXITY" missed="1" covered="0"/>
				<counter type="METHOD" missed="1" covered="0"/>
			</method>
			<counter type="INSTRUCTION" missed="31" covered="0"/>
			<counter type="BRANCH" missed="4" covered="0"/>
			<counter type="LINE" missed="6" covered="0"/>
			<counter type="COMPLEXITY" missed="8" covered="0"/>
			<counter type="METHOD" missed="6" covered="0"/>
			<counter type="CLASS" missed="1" covered="0"/>
		</class>
		<class name="test/DataManager">
			<method name="&lt;init&gt;" desc="()V" line="23">
				<counter type="INSTRUCTION" missed="3" covered="0"/>
				<counter type="LINE" missed="1" covered="0"/>
				<counter type="COMPLEXITY" missed="1" covered="0"/>
				<counter type="METHOD" missed="1" covered="0"/>
			</method>
			<method name="init" desc="(Ljavax/servlet/ServletContext;)V" line="32">
				<counter type="INSTRUCTION" missed="18" covered="0"/>
				<counter type="BRANCH" missed="2" covered="0"/>
				<counter type="LINE" missed="7" covered="0"/>
				<counter type="COMPLEXITY" missed="2" covered="0"/>
				<counter type="METHOD" missed="1" covered="0"/>
			</method>
			<method name="isInitialized" desc="()Z" line="43">
				<counter type="INSTRUCTION" missed="2" covered="0"/>
				<counter type="LINE" missed="1" covered="0"/>
				<counter type="COMPLEXITY" missed="1" covered="0"/>
				<counter type="METHOD" missed="1" covered="0"/>
			</method>
			<method name="loadData" desc="()V" line="47">
				<counter type="INSTRUCTION" missed="104" covered="0"/>
				<counter type="BRANCH" missed="6" covered="0"/>
				<counter type="LINE" missed="24" covered="0"/>
				<counter type="COMPLEXITY" missed="4" covered="0"/>
				<counter type="METHOD" missed="1" covered="0"/>
			</method>
			<method name="saveData" desc="()V" line="77">
				<counter type="INSTRUCTION" missed="94" covered="0"/>
				<counter type="BRANCH" missed="2" covered="0"/>
				<counter type="LINE" missed="21" covered="0"/>
				<counter type="COMPLEXITY" missed="2" covered="0"/>
				<counter type="METHOD" missed="1" covered="0"/>
			</method>
			<method name="getAll" desc="()[Ltest/Band;" line="103">
				<counter type="INSTRUCTION" missed="14" covered="0"/>
				<counter type="BRANCH" missed="2" covered="0"/>
				<counter type="LINE" missed="2" covered="0"/>
				<counter type="COMPLEXITY" missed="2" covered="0"/>
				<counter type="METHOD" missed="1" covered="0"/>
			</method>
			<method name="getBand" desc="(I)Ltest/Band;" line="108">
				<counter type="INSTRUCTION" missed="26" covered="0"/>
				<counter type="BRANCH" missed="6" covered="0"/>
				<counter type="LINE" missed="5" covered="0"/>
				<counter type="COMPLEXITY" missed="4" covered="0"/>
				<counter type="METHOD" missed="1" covered="0"/>
			</method>
			<method name="upVoteBand" desc="(I)V" line="116">
				<counter type="INSTRUCTION" missed="38" covered="0"/>
				<counter type="BRANCH" missed="4" covered="0"/>
				<counter type="LINE" missed="9" covered="0"/>
				<counter type="COMPLEXITY" missed="3" covered="0"/>
				<counter type="METHOD" missed="1" covered="0"/>
			</method>
			<method name="&lt;clinit&gt;" desc="()V" line="25">
				<counter type="INSTRUCTION" missed="13" covered="0"/>
				<counter type="LINE" missed="4" covered="0"/>
				<counter type="COMPLEXITY" missed="1" covered="0"/>
				<counter type="METHOD" missed="1" covered="0"/>
			</method>
			<counter type="INSTRUCTION" missed="312" covered="0"/>
			<counter type="BRANCH" missed="22" covered="0"/>
			<counter type="LINE" missed="74" covered="0"/>
			<counter type="COMPLEXITY" missed="20" covered="0"/>
			<counter type="METHOD" missed="9" covered="0"/>
			<counter type="CLASS" missed="1" covered="0"/>
		</class>
		<sourcefile name="Band.java">
			<line nr="17" mi="3" ci="0" mb="0" cb="0"/>
			<line nr="18" mi="3" ci="0" mb="0" cb="0"/>
			<line nr="19" mi="3" ci="0" mb="0" cb="0"/>
			<line nr="20" mi="3" ci="0" mb="0" cb="0"/>
			<line nr="22" mi="2" ci="0" mb="0" cb="0"/>
			<line nr="23" mi="3" ci="0" mb="0" cb="0"/>
			<line nr="24" mi="4" ci="0" mb="2" cb="0"/>
			<line nr="25" mi="5" ci="0" mb="0" cb="0"/>
			<line nr="26" mi="9" ci="0" mb="2" cb="0"/>
			<line nr="27" mi="9" ci="0" mb="2" cb="0"/>
			<line nr="28" mi="9" ci="0" mb="2" cb="0"/>
			<line nr="29" mi="10" ci="0" mb="2" cb="0"/>
			<line nr="31" mi="5" ci="0" mb="0" cb="0"/>
			<line nr="33" mi="1" ci="0" mb="0" cb="0"/>
			<line nr="39" mi="3" ci="0" mb="0" cb="0"/>
			<line nr="40" mi="4" ci="0" mb="0" cb="0"/>
			<line nr="44" mi="4" ci="0" mb="0" cb="0"/>
			<line nr="45" mi="6" ci="0" mb="0" cb="0"/>
			<line nr="46" mi="6" ci="0" mb="0" cb="0"/>
			<line nr="47" mi="6" ci="0" mb="0" cb="0"/>
			<line nr="48" mi="6" ci="0" mb="0" cb="0"/>
			<line nr="49" mi="6" ci="0" mb="0" cb="0"/>
			<line nr="50" mi="2" ci="0" mb="0" cb="0"/>
			<line nr="54" mi="4" ci="0" mb="0" cb="0"/>
			<line nr="55" mi="6" ci="0" mb="0" cb="0"/>
			<line nr="56" mi="6" ci="0" mb="0" cb="0"/>
			<line nr="57" mi="2" ci="0" mb="0" cb="0"/>
			<counter type="INSTRUCTION" missed="130" covered="0"/>
			<counter type="BRANCH" missed="10" covered="0"/>
			<counter type="LINE" missed="27" covered="0"/>
			<counter type="COMPLEXITY" missed="9" covered="0"/>
			<counter type="METHOD" missed="4" covered="0"/>
			<counter type="CLASS" missed="1" covered="0"/>
		</sourcefile>
		<sourcefile name="RestServlet.java">
			<line nr="20" mi="3" ci="0" mb="0" cb="0"/>
			<line nr="24" mi="3" ci="0" mb="0" cb="0"/>
			<line nr="25" mi="2" ci="0" mb="0" cb="0"/>
			<line nr="26" mi="1" ci="0" mb="0" cb="0"/>
			<line nr="30" mi="4" ci="0" mb="0" cb="0"/>
			<line nr="31" mi="3" ci="0" mb="2" cb="0"/>
			<line nr="32" mi="5" ci="0" mb="0" cb="0"/>
			<line nr="33" mi="6" ci="0" mb="2" cb="0"/>
			<line nr="34" mi="5" ci="0" mb="0" cb="0"/>
			<line nr="35" mi="6" ci="0" mb="2" cb="0"/>
			<line nr="36" mi="1" ci="0" mb="0" cb="0"/>
			<line nr="37" mi="3" ci="0" mb="0" cb="0"/>
			<line nr="38" mi="4" ci="0" mb="0" cb="0"/>
			<line nr="39" mi="2" ci="0" mb="0" cb="0"/>
			<line nr="41" mi="1" ci="0" mb="0" cb="0"/>
			<line nr="45" mi="4" ci="0" mb="0" cb="0"/>
			<line nr="47" mi="3" ci="0" mb="2" cb="0"/>
			<line nr="48" mi="5" ci="0" mb="0" cb="0"/>
			<line nr="49" mi="6" ci="0" mb="2" cb="0"/>
			<line nr="50" mi="5" ci="0" mb="0" cb="0"/>
			<line nr="51" mi="6" ci="0" mb="2" cb="0"/>
			<line nr="52" mi="4" ci="0" mb="0" cb="0"/>
			<line nr="55" mi="1" ci="0" mb="0" cb="0"/>
			<line nr="58" mi="4" ci="0" mb="0" cb="0"/>
			<line nr="59" mi="3" ci="0" mb="0" cb="0"/>
			<line nr="61" mi="4" ci="0" mb="2" cb="0"/>
			<line nr="62" mi="16" ci="0" mb="2" cb="0"/>
			<line nr="63" mi="5" ci="0" mb="0" cb="0"/>
			<line nr="66" mi="5" ci="0" mb="0" cb="0"/>
			<line nr="67" mi="2" ci="0" mb="0" cb="0"/>
			<line nr="68" mi="1" ci="0" mb="0" cb="0"/>
			<line nr="69" mi="3" ci="0" mb="0" cb="0"/>
			<line nr="70" mi="1" ci="0" mb="0" cb="0"/>
			<line nr="71" mi="1" ci="0" mb="0" cb="0"/>
			<line nr="75" mi="4" ci="0" mb="0" cb="0"/>
			<line nr="76" mi="3" ci="0" mb="0" cb="0"/>
			<line nr="78" mi="2" ci="0" mb="0" cb="0"/>
			<line nr="79" mi="16" ci="0" mb="2" cb="0"/>
			<line nr="80" mi="5" ci="0" mb="0" cb="0"/>
			<line nr="82" mi="6" ci="0" mb="0" cb="0"/>
			<line nr="83" mi="3" ci="0" mb="0" cb="0"/>
			<line nr="84" mi="3" ci="0" mb="0" cb="0"/>
			<line nr="85" mi="3" ci="0" mb="0" cb="0"/>
			<line nr="86" mi="5" ci="0" mb="0" cb="0"/>
			<line nr="87" mi="2" ci="0" mb="0" cb="0"/>
			<line nr="88" mi="1" ci="0" mb="0" cb="0"/>
			<line nr="89" mi="3" ci="0" mb="0" cb="0"/>
			<line nr="90" mi="1" ci="0" mb="0" cb="0"/>
			<line nr="91" mi="1" ci="0" mb="0" cb="0"/>
			<line nr="95" mi="1" ci="0" mb="0" cb="0"/>
			<counter type="INSTRUCTION" missed="187" covered="0"/>
			<counter type="BRANCH" missed="18" covered="0"/>
			<counter type="LINE" missed="50" covered="0"/>
			<counter type="COMPLEXITY" missed="16" covered="0"/>
			<counter type="METHOD" missed="7" covered="0"/>
			<counter type="CLASS" missed="1" covered="0"/>
		</sourcefile>
		<sourcefile name="NewClass4.java">
			<line nr="7" mi="3" ci="0" mb="0" cb="0"/>
			<counter type="INSTRUCTION" missed="3" covered="0"/>
			<counter type="LINE" missed="1" covered="0"/>
			<counter type="COMPLEXITY" missed="1" covered="0"/>
			<counter type="METHOD" missed="1" covered="0"/>
			<counter type="CLASS" missed="1" covered="0"/>
		</sourcefile>
		<sourcefile name="NewClass6.java">
			<line nr="7" mi="3" ci="0" mb="0" cb="0"/>
			<counter type="INSTRUCTION" missed="3" covered="0"/>
			<counter type="LINE" missed="1" covered="0"/>
			<counter type="COMPLEXITY" missed="1" covered="0"/>
			<counter type="METHOD" missed="1" covered="0"/>
			<counter type="CLASS" missed="1" covered="0"/>
		</sourcefile>
		<sourcefile name="DataManager.java">
			<line nr="23" mi="3" ci="0" mb="0" cb="0"/>
			<line nr="25" mi="2" ci="0" mb="0" cb="0"/>
			<line nr="26" mi="4" ci="0" mb="0" cb="0"/>
			<line nr="27" mi="2" ci="0" mb="0" cb="0"/>
			<line nr="29" mi="5" ci="0" mb="0" cb="0"/>
			<line nr="32" mi="3" ci="0" mb="0" cb="0"/>
			<line nr="33" mi="3" ci="0" mb="0" cb="0"/>
			<line nr="34" mi="2" ci="0" mb="2" cb="0"/>
			<line nr="35" mi="2" ci="0" mb="0" cb="0"/>
			<line nr="36" mi="2" ci="0" mb="0" cb="0"/>
			<line nr="38" mi="5" ci="0" mb="0" cb="0"/>
			<line nr="40" mi="1" ci="0" mb="0" cb="0"/>
			<line nr="43" mi="2" ci="0" mb="0" cb="0"/>
			<line nr="47" mi="3" ci="0" mb="0" cb="0"/>
			<line nr="49" mi="7" ci="0" mb="2" cb="0"/>
			<line nr="50" mi="7" ci="0" mb="0" cb="0"/>
			<line nr="51" mi="3" ci="0" mb="0" cb="0"/>
			<line nr="52" mi="2" ci="0" mb="0" cb="0"/>
			<line nr="53" mi="3" ci="0" mb="0" cb="0"/>
			<line nr="55" mi="5" ci="0" mb="2" cb="0"/>
			<line nr="56" mi="6" ci="0" mb="0" cb="0"/>
			<line nr="57" mi="15" ci="0" mb="0" cb="0"/>
			<line nr="59" mi="5" ci="0" mb="0" cb="0"/>
			<line nr="60" mi="4" ci="0" mb="0" cb="0"/>
			<line nr="61" mi="4" ci="0" mb="0" cb="0"/>
			<line nr="62" mi="8" ci="0" mb="2" cb="0"/>
			<line nr="63" mi="9" ci="0" mb="0" cb="0"/>
			<line nr="65" mi="8" ci="0" mb="0" cb="0"/>
			<line nr="66" mi="2" ci="0" mb="0" cb="0"/>
			<line nr="67" mi="1" ci="0" mb="0" cb="0"/>
			<line nr="68" mi="2" ci="0" mb="0" cb="0"/>
			<line nr="69" mi="1" ci="0" mb="0" cb="0"/>
			<line nr="70" mi="2" ci="0" mb="0" cb="0"/>
			<line nr="71" mi="1" ci="0" mb="0" cb="0"/>
			<line nr="72" mi="2" ci="0" mb="0" cb="0"/>
			<line nr="73" mi="3" ci="0" mb="0" cb="0"/>
			<line nr="74" mi="1" ci="0" mb="0" cb="0"/>
			<line nr="77" mi="4" ci="0" mb="0" cb="0"/>
			<line nr="78" mi="4" ci="0" mb="0" cb="0"/>
			<line nr="79" mi="10" ci="0" mb="2" cb="0"/>
			<line nr="80" mi="5" ci="0" mb="0" cb="0"/>
			<line nr="81" mi="1" ci="0" mb="0" cb="0"/>
			<line nr="82" mi="8" ci="0" mb="0" cb="0"/>
			<line nr="84" mi="4" ci="0" mb="0" cb="0"/>
			<line nr="85" mi="7" ci="0" mb="0" cb="0"/>
			<line nr="86" mi="3" ci="0" mb="0" cb="0"/>
			<line nr="87" mi="15" ci="0" mb="0" cb="0"/>
			<line nr="90" mi="3" ci="0" mb="0" cb="0"/>
			<line nr="91" mi="6" ci="0" mb="0" cb="0"/>
			<line nr="92" mi="5" ci="0" mb="0" cb="0"/>
			<line nr="93" mi="2" ci="0" mb="0" cb="0"/>
			<line nr="94" mi="8" ci="0" mb="0" cb="0"/>
			<line nr="95" mi="1" ci="0" mb="0" cb="0"/>
			<line nr="96" mi="2" ci="0" mb="0" cb="0"/>
			<line nr="97" mi="1" ci="0" mb="0" cb="0"/>
			<line nr="98" mi="2" ci="0" mb="0" cb="0"/>
			<line nr="99" mi="2" ci="0" mb="0" cb="0"/>
			<line nr="100" mi="1" ci="0" mb="0" cb="0"/>
			<line nr="103" mi="7" ci="0" mb="2" cb="0"/>
			<line nr="104" mi="7" ci="0" mb="0" cb="0"/>
			<line nr="108" mi="7" ci="0" mb="2" cb="0"/>
			<line nr="109" mi="10" ci="0" mb="2" cb="0"/>
			<line nr="110" mi="6" ci="0" mb="2" cb="0"/>
			<line nr="111" mi="1" ci="0" mb="0" cb="0"/>
			<line nr="112" mi="2" ci="0" mb="0" cb="0"/>
			<line nr="116" mi="7" ci="0" mb="2" cb="0"/>
			<line nr="117" mi="3" ci="0" mb="0" cb="0"/>
			<line nr="118" mi="2" ci="0" mb="2" cb="0"/>
			<line nr="119" mi="4" ci="0" mb="0" cb="0"/>
			<line nr="120" mi="6" ci="0" mb="0" cb="0"/>
			<line nr="121" mi="8" ci="0" mb="0" cb="0"/>
			<line nr="122" mi="2" ci="0" mb="0" cb="0"/>
			<line nr="124" mi="5" ci="0" mb="0" cb="0"/>
			<line nr="126" mi="1" ci="0" mb="0" cb="0"/>
			<counter type="INSTRUCTION" missed="312" covered="0"/>
			<counter type="BRANCH" missed="22" covered="0"/>
			<counter type="LINE" missed="74" covered="0"/>
			<counter type="COMPLEXITY" missed="20" covered="0"/>
			<counter type="METHOD" missed="9" covered="0"/>
			<counter type="CLASS" missed="1" covered="0"/>
		</sourcefile>
		<sourcefile name="NewClass1.java">
			<line nr="7" mi="3" ci="0" mb="0" cb="0"/>
			<line nr="9" mi="5" ci="0" mb="0" cb="0"/>
			<counter type="INSTRUCTION" missed="8" covered="0"/>
			<counter type="LINE" missed="2" covered="0"/>
			<counter type="COMPLEXITY" missed="2" covered="0"/>
			<counter type="METHOD" missed="2" covered="0"/>
			<counter type="CLASS" missed="1" covered="0"/>
		</sourcefile>
		<sourcefile name="NewClass7.java">
			<line nr="7" mi="3" ci="0" mb="0" cb="0"/>
			<counter type="INSTRUCTION" missed="3" covered="0"/>
			<counter type="LINE" missed="1" covered="0"/>
			<counter type="COMPLEXITY" missed="1" covered="0"/>
			<counter type="METHOD" missed="1" covered="0"/>
			<counter type="CLASS" missed="1" covered="0"/>
		</sourcefile>
		<sourcefile name="Utils.java">
			<line nr="10" mi="3" ci="0" mb="0" cb="0"/>
			<line nr="13" mi="4" ci="0" mb="0" cb="0"/>
			<line nr="14" mi="3" ci="0" mb="0" cb="0"/>
			<line nr="15" mi="2" ci="0" mb="2" cb="0"/>
			<line nr="16" mi="18" ci="0" mb="2" cb="0"/>
			<line nr="17" mi="8" ci="0" mb="4" cb="0"/>
			<line nr="18" mi="4" ci="0" mb="0" cb="0"/>
			<line nr="19" mi="3" ci="0" mb="0" cb="0"/>
			<line nr="23" mi="7" ci="0" mb="0" cb="0"/>
			<line nr="27" mi="3" ci="0" mb="0" cb="0"/>
			<line nr="28" mi="7" ci="0" mb="2" cb="0"/>
			<line nr="29" mi="3" ci="0" mb="0" cb="0"/>
			<line nr="32" mi="2" ci="0" mb="0" cb="0"/>
			<counter type="INSTRUCTION" missed="67" covered="0"/>
			<counter type="BRANCH" missed="10" covered="0"/>
			<counter type="LINE" missed="13" covered="0"/>
			<counter type="COMPLEXITY" missed="8" covered="0"/>
			<counter type="METHOD" missed="3" covered="0"/>
			<counter type="CLASS" missed="1" covered="0"/>
		</sourcefile>
		<sourcefile name="Calcs.java">
			<line nr="8" mi="3" ci="0" mb="0" cb="0"/>
			<line nr="11" mi="6" ci="0" mb="0" cb="0"/>
			<line nr="15" mi="6" ci="0" mb="0" cb="0"/>
			<line nr="19" mi="7" ci="0" mb="2" cb="0"/>
			<line nr="23" mi="7" ci="0" mb="2" cb="0"/>
			<line nr="27" mi="2" ci="0" mb="0" cb="0"/>
			<counter type="INSTRUCTION" missed="31" covered="0"/>
			<counter type="BRANCH" missed="4" covered="0"/>
			<counter type="LINE" missed="6" covered="0"/>
			<counter type="COMPLEXITY" missed="8" covered="0"/>
			<counter type="METHOD" missed="6" covered="0"/>
			<counter type="CLASS" missed="1" covered="0"/>
		</sourcefile>
		<sourcefile name="HtmlUnitDriver.java">
			<line nr="7" mi="3" ci="0" mb="0" cb="0"/>
			<counter type="INSTRUCTION" missed="3" covered="0"/>
			<counter type="LINE" missed="1" covered="0"/>
			<counter type="COMPLEXITY" missed="1" covered="0"/>
			<counter type="METHOD" missed="1" covered="0"/>
			<counter type="CLASS" missed="1" covered="0"/>
		</sourcefile>
		<sourcefile name="NewClass2.java">
			<line nr="8" mi="3" ci="0" mb="0" cb="0"/>
			<counter type="INSTRUCTION" missed="3" covered="0"/>
			<counter type="LINE" missed="1" covered="0"/>
			<counter type="COMPLEXITY" missed="1" covered="0"/>
			<counter type="METHOD" missed="1" covered="0"/>
			<counter type="CLASS" missed="1" covered="0"/>
		</sourcefile>
		<counter type="INSTRUCTION" missed="750" covered="0"/>
		<counter type="BRANCH" missed="64" covered="0"/>
		<counter type="LINE" missed="177" covered="0"/>
		<counter type="COMPLEXITY" missed="68" covered="0"/>
		<counter type="METHOD" missed="36" covered="0"/>
		<counter type="CLASS" missed="11" covered="0"/>
	</package>
	<package name="com/hp/devops/demoapp/abcdefghijklmnopqrstuvwxyz1111/nextPackage">
		<class name="com/hp/devops/demoapp/abcdefghijklmnopqrstuvwxyz1111/nextPackage/TestClass3">
			<method name="&lt;init&gt;" desc="()V" line="7">
				<counter type="INSTRUCTION" missed="3" covered="0"/>
				<counter type="LINE" missed="1" covered="0"/>
				<counter type="COMPLEXITY" missed="1" covered="0"/>
				<counter type="METHOD" missed="1" covered="0"/>
			</method>
			<counter type="INSTRUCTION" missed="3" covered="0"/>
			<counter type="LINE" missed="1" covered="0"/>
			<counter type="COMPLEXITY" missed="1" covered="0"/>
			<counter type="METHOD" missed="1" covered="0"/>
			<counter type="CLASS" missed="1" covered="0"/>
		</class>
		<sourcefile name="TestClass3.java">
			<line nr="7" mi="3" ci="0" mb="0" cb="0"/>
			<counter type="INSTRUCTION" missed="3" covered="0"/>
			<counter type="LINE" missed="1" covered="0"/>
			<counter type="COMPLEXITY" missed="1" covered="0"/>
			<counter type="METHOD" missed="1" covered="0"/>
			<counter type="CLASS" missed="1" covered="0"/>
		</sourcefile>
		<counter type="INSTRUCTION" missed="3" covered="0"/>
		<counter type="LINE" missed="1" covered="0"/>
		<counter type="COMPLEXITY" missed="1" covered="0"/>
		<counter type="METHOD" missed="1" covered="0"/>
		<counter type="CLASS" missed="1" covered="0"/>
	</package>
	<package name="com/hp/devops/demoapp/inside/folder/longPath/For/hotspot/chart">
		<class name="com/hp/devops/demoapp/inside/folder/longPath/For/hotspot/chart/SomeClass1">
			<method name="&lt;init&gt;" desc="()V" line="7">
				<counter type="INSTRUCTION" missed="3" covered="0"/>
				<counter type="LINE" missed="1" covered="0"/>
				<counter type="COMPLEXITY" missed="1" covered="0"/>
				<counter type="METHOD" missed="1" covered="0"/>
			</method>
			<counter type="INSTRUCTION" missed="3" covered="0"/>
			<counter type="LINE" missed="1" covered="0"/>
			<counter type="COMPLEXITY" missed="1" covered="0"/>
			<counter type="METHOD" missed="1" covered="0"/>
			<counter type="CLASS" missed="1" covered="0"/>
		</class>
		<sourcefile name="SomeClass1.java">
			<line nr="7" mi="3" ci="0" mb="0" cb="0"/>
			<counter type="INSTRUCTION" missed="3" covered="0"/>
			<counter type="LINE" missed="1" covered="0"/>
			<counter type="COMPLEXITY" missed="1" covered="0"/>
			<counter type="METHOD" missed="1" covered="0"/>
			<counter type="CLASS" missed="1" covered="0"/>
		</sourcefile>
		<counter type="INSTRUCTION" missed="3" covered="0"/>
		<counter type="LINE" missed="1" covered="0"/>
		<counter type="COMPLEXITY" missed="1" covered="0"/>
		<counter type="METHOD" missed="1" covered="0"/>
		<counter type="CLASS" missed="1" covered="0"/>
	</package>
	<package name="com/hp/devops/demoapp/d/ddddddddddddddddddddddddddddddd/d/ddddddddddddddddddddddddddddddddddddddd">
		<class name="com/hp/devops/demoapp/d/ddddddddddddddddddddddddddddddd/d/ddddddddddddddddddddddddddddddddddddddd/dsad">
			<method name="&lt;init&gt;" desc="()V" line="7">
				<counter type="INSTRUCTION" missed="3" covered="0"/>
				<counter type="LINE" missed="1" covered="0"/>
				<counter type="COMPLEXITY" missed="1" covered="0"/>
				<counter type="METHOD" missed="1" covered="0"/>
			</method>
			<counter type="INSTRUCTION" missed="3" covered="0"/>
			<counter type="LINE" missed="1" covered="0"/>
			<counter type="COMPLEXITY" missed="1" covered="0"/>
			<counter type="METHOD" missed="1" covered="0"/>
			<counter type="CLASS" missed="1" covered="0"/>
		</class>
		<sourcefile name="dsad.java">
			<line nr="7" mi="3" ci="0" mb="0" cb="0"/>
			<counter type="INSTRUCTION" missed="3" covered="0"/>
			<counter type="LINE" missed="1" covered="0"/>
			<counter type="COMPLEXITY" missed="1" covered="0"/>
			<counter type="METHOD" missed="1" covered="0"/>
			<counter type="CLASS" missed="1" covered="0"/>
		</sourcefile>
		<counter type="INSTRUCTION" missed="3" covered="0"/>
		<counter type="LINE" missed="1" covered="0"/>
		<counter type="COMPLEXITY" missed="1" covered="0"/>
		<counter type="METHOD" missed="1" covered="0"/>
		<counter type="CLASS" missed="1" covered="0"/>
	</package>
	<counter type="INSTRUCTION" missed="1263" covered="249"/>
	<counter type="BRANCH" missed="102" covered="26"/>
	<counter type="LINE" missed="304" covered="54"/>
	<counter type="COMPLEXITY" missed="113" covered="27"/>
	<counter type="METHOD" missed="58" covered="18"/>
	<counter type="CLASS" missed="21" covered="5"/>
</report>